MSBuild version 17.14.40+3e7442088 for .NET Framework

  flux_core.vcxproj -> D:\project\tutorial\flux\build\Debug\flux_core.lib
  pattern_matching.cpp
D:\project\tutorial\flux\tests\pattern_matching.cpp(165,30): error C2039: 'DiagnosticError': is not a member of 'flux' [D:\project\tutorial\flux\build\pattern_matching.vcxproj]
      D:\project\tutorial\flux\src\semantic\resolver.h(15,11):
      see declaration of 'flux'
  
D:\project\tutorial\flux\tests\pattern_matching.cpp(165,18): error C4430: missing type specifier - int assumed. Note: C++ does not support default-int [D:\project\tutorial\flux\build\pattern_matching.vcxproj]
D:\project\tutorial\flux\tests\pattern_matching.cpp(165,45): error C2143: syntax error: missing ',' before '&' [D:\project\tutorial\flux\build\pattern_matching.vcxproj]
D:\project\tutorial\flux\tests\pattern_matching.cpp(166,13): error C2065: 'e': undeclared identifier [D:\project\tutorial\flux\build\pattern_matching.vcxproj]
D:\project\tutorial\flux\tests\pattern_matching.cpp(186,30): error C2039: 'DiagnosticError': is not a member of 'flux' [D:\project\tutorial\flux\build\pattern_matching.vcxproj]
      D:\project\tutorial\flux\src\semantic\resolver.h(15,11):
      see declaration of 'flux'
  
D:\project\tutorial\flux\tests\pattern_matching.cpp(186,18): error C4430: missing type specifier - int assumed. Note: C++ does not support default-int [D:\project\tutorial\flux\build\pattern_matching.vcxproj]
D:\project\tutorial\flux\tests\pattern_matching.cpp(186,45): error C2143: syntax error: missing ',' before '&' [D:\project\tutorial\flux\build\pattern_matching.vcxproj]
D:\project\tutorial\flux\tests\pattern_matching.cpp(187,13): error C2065: 'e': undeclared identifier [D:\project\tutorial\flux\build\pattern_matching.vcxproj]
